I, [2019-03-06T07:48:15.359660 #52842]  INFO -- Kitchen: -----> Starting Kitchen (v1.23.2)
I, [2019-03-06T07:48:17.888678 #52842]  INFO -- Kitchen: -----> Verifying <default-habitat-centos-7>...
E, [2019-03-06T07:48:29.983293 #52842] ERROR -- Kitchen: ------Exception-------
E, [2019-03-06T07:48:29.983353 #52842] ERROR -- Kitchen: Class: Kitchen::ActionFailed
E, [2019-03-06T07:48:29.983383 #52842] ERROR -- Kitchen: Message: 1 actions failed.
>>>>>>     Verify failed on instance <default-habitat-centos-7>.  Please see .kitchen/logs/default-habitat-centos-7.log for more details
E, [2019-03-06T07:48:29.983403 #52842] ERROR -- Kitchen: ----------------------
E, [2019-03-06T07:48:29.983421 #52842] ERROR -- Kitchen: ------Backtrace-------
E, [2019-03-06T07:48:29.983439 #52842] ERROR -- Kitchen: /opt/chefdk/embedded/lib/ruby/gems/2.5.0/gems/test-kitchen-1.23.2/lib/kitchen/command.rb:183:in `report_errors'
E, [2019-03-06T07:48:29.983456 #52842] ERROR -- Kitchen: /opt/chefdk/embedded/lib/ruby/gems/2.5.0/gems/test-kitchen-1.23.2/lib/kitchen/command.rb:174:in `run_action'
E, [2019-03-06T07:48:29.983473 #52842] ERROR -- Kitchen: /opt/chefdk/embedded/lib/ruby/gems/2.5.0/gems/test-kitchen-1.23.2/lib/kitchen/command/action.rb:36:in `block in call'
E, [2019-03-06T07:48:29.983490 #52842] ERROR -- Kitchen: /opt/chefdk/embedded/lib/ruby/2.5.0/benchmark.rb:293:in `measure'
E, [2019-03-06T07:48:29.983506 #52842] ERROR -- Kitchen: /opt/chefdk/embedded/lib/ruby/gems/2.5.0/gems/test-kitchen-1.23.2/lib/kitchen/command/action.rb:34:in `call'
E, [2019-03-06T07:48:29.983522 #52842] ERROR -- Kitchen: /opt/chefdk/embedded/lib/ruby/gems/2.5.0/gems/test-kitchen-1.23.2/lib/kitchen/cli.rb:52:in `perform'
E, [2019-03-06T07:48:29.983539 #52842] ERROR -- Kitchen: /opt/chefdk/embedded/lib/ruby/gems/2.5.0/gems/test-kitchen-1.23.2/lib/kitchen/cli.rb:193:in `block (2 levels) in <class:CLI>'
E, [2019-03-06T07:48:29.983555 #52842] ERROR -- Kitchen: /opt/chefdk/embedded/lib/ruby/gems/2.5.0/gems/thor-0.20.3/lib/thor/command.rb:27:in `run'
E, [2019-03-06T07:48:29.983575 #52842] ERROR -- Kitchen: /opt/chefdk/embedded/lib/ruby/gems/2.5.0/gems/thor-0.20.3/lib/thor/invocation.rb:126:in `invoke_command'
E, [2019-03-06T07:48:29.983592 #52842] ERROR -- Kitchen: /opt/chefdk/embedded/lib/ruby/gems/2.5.0/gems/thor-0.20.3/lib/thor.rb:387:in `dispatch'
E, [2019-03-06T07:48:29.983609 #52842] ERROR -- Kitchen: /opt/chefdk/embedded/lib/ruby/gems/2.5.0/gems/thor-0.20.3/lib/thor/base.rb:466:in `start'
E, [2019-03-06T07:48:29.983625 #52842] ERROR -- Kitchen: /opt/chefdk/embedded/lib/ruby/gems/2.5.0/gems/test-kitchen-1.23.2/bin/kitchen:13:in `block in <top (required)>'
E, [2019-03-06T07:48:29.983642 #52842] ERROR -- Kitchen: /opt/chefdk/embedded/lib/ruby/gems/2.5.0/gems/test-kitchen-1.23.2/lib/kitchen/errors.rb:171:in `with_friendly_errors'
E, [2019-03-06T07:48:29.983658 #52842] ERROR -- Kitchen: /opt/chefdk/embedded/lib/ruby/gems/2.5.0/gems/test-kitchen-1.23.2/bin/kitchen:13:in `<top (required)>'
E, [2019-03-06T07:48:29.983674 #52842] ERROR -- Kitchen: /usr/local/bin/kitchen:296:in `load'
E, [2019-03-06T07:48:29.983690 #52842] ERROR -- Kitchen: /usr/local/bin/kitchen:296:in `<main>'
E, [2019-03-06T07:48:29.983706 #52842] ERROR -- Kitchen: ----End Backtrace-----
E, [2019-03-06T07:48:29.983722 #52842] ERROR -- Kitchen: -Composite Exception--
E, [2019-03-06T07:48:29.983737 #52842] ERROR -- Kitchen: Class: Kitchen::InstanceFailure
E, [2019-03-06T07:48:29.983753 #52842] ERROR -- Kitchen: Message: Verify failed on instance <default-habitat-centos-7>.  Please see .kitchen/logs/default-habitat-centos-7.log for more details
E, [2019-03-06T07:48:29.983773 #52842] ERROR -- Kitchen: ----------------------
E, [2019-03-06T07:48:29.983808 #52842] ERROR -- Kitchen: ------Backtrace-------
E, [2019-03-06T07:48:29.983825 #52842] ERROR -- Kitchen: /opt/chefdk/embedded/lib/ruby/gems/2.5.0/gems/kitchen-inspec-0.25.0/lib/kitchen/verifier/inspec.rb:98:in `call'
E, [2019-03-06T07:48:29.983856 #52842] ERROR -- Kitchen: /opt/chefdk/embedded/lib/ruby/gems/2.5.0/gems/test-kitchen-1.23.2/lib/kitchen/instance.rb:458:in `block in verify_action'
E, [2019-03-06T07:48:29.983921 #52842] ERROR -- Kitchen: /opt/chefdk/embedded/lib/ruby/gems/2.5.0/gems/test-kitchen-1.23.2/lib/kitchen/instance.rb:551:in `synchronize_or_call'
E, [2019-03-06T07:48:29.983952 #52842] ERROR -- Kitchen: /opt/chefdk/embedded/lib/ruby/gems/2.5.0/gems/test-kitchen-1.23.2/lib/kitchen/instance.rb:513:in `block in action'
E, [2019-03-06T07:48:29.983977 #52842] ERROR -- Kitchen: /opt/chefdk/embedded/lib/ruby/2.5.0/benchmark.rb:293:in `measure'
E, [2019-03-06T07:48:29.984003 #52842] ERROR -- Kitchen: /opt/chefdk/embedded/lib/ruby/gems/2.5.0/gems/test-kitchen-1.23.2/lib/kitchen/instance.rb:512:in `action'
E, [2019-03-06T07:48:29.984028 #52842] ERROR -- Kitchen: /opt/chefdk/embedded/lib/ruby/gems/2.5.0/gems/test-kitchen-1.23.2/lib/kitchen/instance.rb:450:in `verify_action'
E, [2019-03-06T07:48:29.984049 #52842] ERROR -- Kitchen: /opt/chefdk/embedded/lib/ruby/gems/2.5.0/gems/test-kitchen-1.23.2/lib/kitchen/instance.rb:382:in `block (2 levels) in transition_to'
E, [2019-03-06T07:48:29.984064 #52842] ERROR -- Kitchen: /opt/chefdk/embedded/lib/ruby/gems/2.5.0/gems/test-kitchen-1.23.2/lib/kitchen/lifecycle_hooks.rb:45:in `run_with_hooks'
E, [2019-03-06T07:48:29.984081 #52842] ERROR -- Kitchen: /opt/chefdk/embedded/lib/ruby/gems/2.5.0/gems/test-kitchen-1.23.2/lib/kitchen/instance.rb:381:in `block in transition_to'
E, [2019-03-06T07:48:29.984104 #52842] ERROR -- Kitchen: /opt/chefdk/embedded/lib/ruby/gems/2.5.0/gems/test-kitchen-1.23.2/lib/kitchen/instance.rb:380:in `each'
E, [2019-03-06T07:48:29.984128 #52842] ERROR -- Kitchen: /opt/chefdk/embedded/lib/ruby/gems/2.5.0/gems/test-kitchen-1.23.2/lib/kitchen/instance.rb:380:in `transition_to'
E, [2019-03-06T07:48:29.984152 #52842] ERROR -- Kitchen: /opt/chefdk/embedded/lib/ruby/gems/2.5.0/gems/test-kitchen-1.23.2/lib/kitchen/instance.rb:162:in `verify'
E, [2019-03-06T07:48:29.984190 #52842] ERROR -- Kitchen: /opt/chefdk/embedded/lib/ruby/gems/2.5.0/gems/test-kitchen-1.23.2/lib/kitchen/command.rb:197:in `public_send'
E, [2019-03-06T07:48:29.984210 #52842] ERROR -- Kitchen: /opt/chefdk/embedded/lib/ruby/gems/2.5.0/gems/test-kitchen-1.23.2/lib/kitchen/command.rb:197:in `run_action_in_thread'
E, [2019-03-06T07:48:29.984226 #52842] ERROR -- Kitchen: /opt/chefdk/embedded/lib/ruby/gems/2.5.0/gems/test-kitchen-1.23.2/lib/kitchen/command.rb:169:in `block (2 levels) in run_action'
E, [2019-03-06T07:48:29.984241 #52842] ERROR -- Kitchen: ----End Backtrace-----
E, [2019-03-06T07:48:29.984255 #52842] ERROR -- Kitchen: ---Nested Exception---
E, [2019-03-06T07:48:29.984270 #52842] ERROR -- Kitchen: Class: Kitchen::ActionFailed
E, [2019-03-06T07:48:29.984285 #52842] ERROR -- Kitchen: Message: Inspec Runner returns 1
E, [2019-03-06T07:48:29.984299 #52842] ERROR -- Kitchen: ----------------------
E, [2019-03-06T07:48:29.984313 #52842] ERROR -- Kitchen: ------Backtrace-------
E, [2019-03-06T07:48:29.984327 #52842] ERROR -- Kitchen: /opt/chefdk/embedded/lib/ruby/gems/2.5.0/gems/kitchen-inspec-0.25.0/lib/kitchen/verifier/inspec.rb:98:in `call'
E, [2019-03-06T07:48:29.984346 #52842] ERROR -- Kitchen: /opt/chefdk/embedded/lib/ruby/gems/2.5.0/gems/test-kitchen-1.23.2/lib/kitchen/instance.rb:458:in `block in verify_action'
E, [2019-03-06T07:48:29.984444 #52842] ERROR -- Kitchen: /opt/chefdk/embedded/lib/ruby/gems/2.5.0/gems/test-kitchen-1.23.2/lib/kitchen/instance.rb:551:in `synchronize_or_call'
E, [2019-03-06T07:48:29.984472 #52842] ERROR -- Kitchen: /opt/chefdk/embedded/lib/ruby/gems/2.5.0/gems/test-kitchen-1.23.2/lib/kitchen/instance.rb:513:in `block in action'
E, [2019-03-06T07:48:29.984586 #52842] ERROR -- Kitchen: /opt/chefdk/embedded/lib/ruby/2.5.0/benchmark.rb:293:in `measure'
E, [2019-03-06T07:48:29.984613 #52842] ERROR -- Kitchen: /opt/chefdk/embedded/lib/ruby/gems/2.5.0/gems/test-kitchen-1.23.2/lib/kitchen/instance.rb:512:in `action'
E, [2019-03-06T07:48:29.984636 #52842] ERROR -- Kitchen: /opt/chefdk/embedded/lib/ruby/gems/2.5.0/gems/test-kitchen-1.23.2/lib/kitchen/instance.rb:450:in `verify_action'
E, [2019-03-06T07:48:29.984661 #52842] ERROR -- Kitchen: /opt/chefdk/embedded/lib/ruby/gems/2.5.0/gems/test-kitchen-1.23.2/lib/kitchen/instance.rb:382:in `block (2 levels) in transition_to'
E, [2019-03-06T07:48:29.984703 #52842] ERROR -- Kitchen: /opt/chefdk/embedded/lib/ruby/gems/2.5.0/gems/test-kitchen-1.23.2/lib/kitchen/lifecycle_hooks.rb:45:in `run_with_hooks'
E, [2019-03-06T07:48:29.984729 #52842] ERROR -- Kitchen: /opt/chefdk/embedded/lib/ruby/gems/2.5.0/gems/test-kitchen-1.23.2/lib/kitchen/instance.rb:381:in `block in transition_to'
E, [2019-03-06T07:48:29.984752 #52842] ERROR -- Kitchen: /opt/chefdk/embedded/lib/ruby/gems/2.5.0/gems/test-kitchen-1.23.2/lib/kitchen/instance.rb:380:in `each'
E, [2019-03-06T07:48:29.984776 #52842] ERROR -- Kitchen: /opt/chefdk/embedded/lib/ruby/gems/2.5.0/gems/test-kitchen-1.23.2/lib/kitchen/instance.rb:380:in `transition_to'
E, [2019-03-06T07:48:29.984799 #52842] ERROR -- Kitchen: /opt/chefdk/embedded/lib/ruby/gems/2.5.0/gems/test-kitchen-1.23.2/lib/kitchen/instance.rb:162:in `verify'
E, [2019-03-06T07:48:29.984823 #52842] ERROR -- Kitchen: /opt/chefdk/embedded/lib/ruby/gems/2.5.0/gems/test-kitchen-1.23.2/lib/kitchen/command.rb:197:in `public_send'
E, [2019-03-06T07:48:29.984841 #52842] ERROR -- Kitchen: /opt/chefdk/embedded/lib/ruby/gems/2.5.0/gems/test-kitchen-1.23.2/lib/kitchen/command.rb:197:in `run_action_in_thread'
E, [2019-03-06T07:48:29.984856 #52842] ERROR -- Kitchen: /opt/chefdk/embedded/lib/ruby/gems/2.5.0/gems/test-kitchen-1.23.2/lib/kitchen/command.rb:169:in `block (2 levels) in run_action'
E, [2019-03-06T07:48:29.984904 #52842] ERROR -- Kitchen: ----End Backtrace-----
